<?xml version="1.0" encoding="UTF-8"?>
<testng-results ignored="0" total="1" passed="1" failed="0" skipped="0">
  <reporter-output>
  </reporter-output>
  <suite started-at="2023-06-03T08:29:25 IST" name="Default suite" finished-at="2023-06-03T08:29:34 IST" duration-ms="8666">
    <groups>
    </groups>
    <test started-at="2023-06-03T08:29:25 IST" name="Default test" finished-at="2023-06-03T08:29:34 IST" duration-ms="8666">
      <class name="mvn_testScripts.UserModuleScripts">
        <test-method is-config="true" signature="loadclass()[pri:0, instance:mvn_testScripts.UserModuleScripts@3a44431a]" started-at="2023-06-03T08:29:25 IST" name="loadclass" finished-at="2023-06-03T08:29:25 IST" duration-ms="340" status="PASS">
          <reporter-output>
          </reporter-output>
        </test-method> <!-- loadclass -->
        <test-method signature="logincall()[pri:0, instance:mvn_testScripts.UserModuleScripts@3a44431a]" started-at="2023-06-03T08:29:25 IST" name="logincall" finished-at="2023-06-03T08:29:34 IST" duration-ms="8634" status="PASS">
          <reporter-output>
          </reporter-output>
        </test-method> <!-- logincall -->
      </class> <!-- mvn_testScripts.UserModuleScripts -->
    </test> <!-- Default test -->
  </suite> <!-- Default suite -->
</testng-results>
